This is pdfTeX, Version 3.141592653-2.6-1.40.27 (TeX Live 2025) (preloaded format=pdflatex 2025.10.7)  10 JAN 2026 08:39
entering extended mode
 restricted \write18 enabled.
 %&-line parsing enabled.
**main.tex
(./main.tex
LaTeX2e <2024-11-01> patch level 2
L3 programming layer <2025-01-18>
(./autart.cls
Document Class: autart 2001/03/28, 2.18pl1: Automatica
\@frontmatterwidth=\dimen141
\@bls=\dimen142
\eqntopsep=\skip49
\eqnarraycolsep=\dimen143
\labelwidthi=\dimen144
\labelwidthii=\dimen145
\labelwidthiii=\dimen146
\labelwidthiv=\dimen147
\@maxlistdepth=\count196
\eqnbaselineskip=\skip50
\eqnlineskip=\skip51
\mathindent=\dimen148
\rulepreskip=\dimen149
\rulepostskip=\dimen150
\c@section=\count197
\c@subsection=\count198
\c@subsubsection=\count199
\c@paragraph=\count266
\c@subparagraph=\count267
(/usr/local/texlive/2025/texmf-dist/tex/latex/base/latexsym.sty
Package: latexsym 1998/08/17 v2.2e Standard LaTeX package (lasy symbols)
\symlasy=\mathgroup4
LaTeX Font Info:    Overwriting symbol font `lasy' in version `bold'
(Font)                  U/lasy/m/n --> U/lasy/b/n on input line 52.
)
\c@thm=\count268
\c@alg=\count269
\c@algorithm=\count270
\c@note=\count271
\c@summ=\count272
\c@case=\count273
\@tempcntc=\count274
\c@figure=\count275
\c@table=\count276
\t@glob@notes=\toks17
\t@loc@notes=\toks18
\note@cnt=\count277
\corauth@text=\toks19
\email@text=\toks20
\url@text=\toks21
\c@corauth=\count278
\c@author=\count279
\n@author=\count280
\c@collab=\count281
\n@collab=\count282
\c@address=\count283
\sv@mathsurround=\dimen151
\sv@hyphenpenalty=\count284
\prev@elem=\count285
\cur@elem=\count286
\fm@box=\box52
\fm@size=\dimen152
\t@abstract=\box53
\t@keyword=\box54
\t@xtheight=\dimen153
\@logoheight=\dimen154
\@pubyear=\count287
\c@firstpage=\count288
\c@lastpage=\count289
\slashbox=\box55
LaTeX Font Info:    External font `cmex10' loaded for size
(Font)              <7> on input line 1441.
LaTeX Font Info:    External font `cmex10' loaded for size
(Font)              <5> on input line 1441.
LaTeX Font Info:    Trying to load font information for U+lasy on input line 14
41.

(/usr/local/texlive/2025/texmf-dist/tex/latex/base/ulasy.fd
File: ulasy.fd 1998/08/17 v2.2e LaTeX symbol font definitions
)
\Slashbox=\box56
LaTeX Font Info:    External font `cmex10' loaded for size
(Font)              <14.4> on input line 1442.
)
(/usr/local/texlive/2025/texmf-dist/tex/latex/graphics/graphicx.sty
Package: graphicx 2021/09/16 v1.2d Enhanced LaTeX Graphics (DPC,SPQR)

(/usr/local/texlive/2025/texmf-dist/tex/latex/graphics/keyval.sty
Package: keyval 2022/05/29 v1.15 key=value parser (DPC)
\KV@toks@=\toks22
)
(/usr/local/texlive/2025/texmf-dist/tex/latex/graphics/graphics.sty
Package: graphics 2024/08/06 v1.4g Standard LaTeX Graphics (DPC,SPQR)

(/usr/local/texlive/2025/texmf-dist/tex/latex/graphics/trig.sty
Package: trig 2023/12/02 v1.11 sin cos tan (DPC)
)
(/usr/local/texlive/2025/texmf-dist/tex/latex/graphics-cfg/graphics.cfg
File: graphics.cfg 2016/06/04 v1.11 sample graphics configuration
)
Package graphics Info: Driver file: pdftex.def on input line 106.

(/usr/local/texlive/2025/texmf-dist/tex/latex/graphics-def/pdftex.def
File: pdftex.def 2024/04/13 v1.2c Graphics/color driver for pdftex
))
\Gin@req@height=\dimen155
\Gin@req@width=\dimen156
)
(/usr/local/texlive/2025/texmf-dist/tex/latex/amsmath/amsmath.sty
Package: amsmath 2024/11/05 v2.17t AMS math features
\@mathmargin=\skip52

For additional information on amsmath, use the `?' option.
(/usr/local/texlive/2025/texmf-dist/tex/latex/amsmath/amstext.sty
Package: amstext 2021/08/26 v2.01 AMS text

(/usr/local/texlive/2025/texmf-dist/tex/latex/amsmath/amsgen.sty
File: amsgen.sty 1999/11/30 v2.0 generic functions
\@emptytoks=\toks23
\ex@=\dimen157
))
(/usr/local/texlive/2025/texmf-dist/tex/latex/amsmath/amsbsy.sty
Package: amsbsy 1999/11/29 v1.2d Bold Symbols
\pmbraise@=\dimen158
)
(/usr/local/texlive/2025/texmf-dist/tex/latex/amsmath/amsopn.sty
Package: amsopn 2022/04/08 v2.04 operator names
LaTeX Info: Redefining \operatorname on input line 43.
)
\inf@bad=\count290
LaTeX Info: Redefining \frac on input line 233.
\uproot@=\count291
\leftroot@=\count292
LaTeX Info: Redefining \overline on input line 398.
LaTeX Info: Redefining \colon on input line 409.
\classnum@=\count293
\DOTSCASE@=\count294
LaTeX Info: Redefining \ldots on input line 495.
LaTeX Info: Redefining \dots on input line 498.
LaTeX Info: Redefining \cdots on input line 619.
\Mathstrutbox@=\box57
\strutbox@=\box58
LaTeX Info: Redefining \big on input line 721.
LaTeX Info: Redefining \Big on input line 722.
LaTeX Info: Redefining \bigg on input line 723.
LaTeX Info: Redefining \Bigg on input line 724.
\big@size=\dimen159
LaTeX Font Info:    Redeclaring font encoding OML on input line 742.
LaTeX Font Info:    Redeclaring font encoding OMS on input line 743.
\macc@depth=\count295
LaTeX Info: Redefining \bmod on input line 904.
LaTeX Info: Redefining \pmod on input line 909.
LaTeX Info: Redefining \smash on input line 939.
LaTeX Info: Redefining \relbar on input line 969.
LaTeX Info: Redefining \Relbar on input line 970.
\c@MaxMatrixCols=\count296
\dotsspace@=\muskip17
\c@parentequation=\count297
\dspbrk@lvl=\count298
\tag@help=\toks24
\row@=\count299
\column@=\count300
\maxfields@=\count301
\andhelp@=\toks25
\eqnshift@=\dimen160
\alignsep@=\dimen161
\tagshift@=\dimen162
\tagwidth@=\dimen163
\totwidth@=\dimen164
\lineht@=\dimen165
\@envbody=\toks26
\multlinegap=\skip53
\multlinetaggap=\skip54
\mathdisplay@stack=\toks27
LaTeX Info: Redefining \[ on input line 2953.
LaTeX Info: Redefining \] on input line 2954.
)
(/usr/local/texlive/2025/texmf-dist/tex/latex/amsfonts/amssymb.sty
Package: amssymb 2013/01/14 v3.01 AMS font symbols

(/usr/local/texlive/2025/texmf-dist/tex/latex/amsfonts/amsfonts.sty
Package: amsfonts 2013/01/14 v3.01 Basic AMSFonts support
\symAMSa=\mathgroup5
\symAMSb=\mathgroup6
LaTeX Font Info:    Redeclaring math symbol \hbar on input line 98.
LaTeX Font Info:    Overwriting math alphabet `\mathfrak' in version `bold'
(Font)                  U/euf/m/n --> U/euf/b/n on input line 106.
))
(/usr/local/texlive/2025/texmf-dist/tex/latex/xcolor/xcolor.sty
Package: xcolor 2024/09/29 v3.02 LaTeX color extensions (UK)

(/usr/local/texlive/2025/texmf-dist/tex/latex/graphics-cfg/color.cfg
File: color.cfg 2016/01/02 v1.6 sample color configuration
)
Package xcolor Info: Driver file: pdftex.def on input line 274.

(/usr/local/texlive/2025/texmf-dist/tex/latex/graphics/mathcolor.ltx)
Package xcolor Info: Model `cmy' substituted by `cmy0' on input line 1349.
Package xcolor Info: Model `hsb' substituted by `rgb' on input line 1353.
Package xcolor Info: Model `RGB' extended on input line 1365.
Package xcolor Info: Model `HTML' substituted by `rgb' on input line 1367.
Package xcolor Info: Model `Hsb' substituted by `hsb' on input line 1368.
Package xcolor Info: Model `tHsb' substituted by `hsb' on input line 1369.
Package xcolor Info: Model `HSB' substituted by `hsb' on input line 1370.
Package xcolor Info: Model `Gray' substituted by `gray' on input line 1371.
Package xcolor Info: Model `wave' substituted by `hsb' on input line 1372.
)
(/usr/local/texlive/2025/texmf-dist/tex/latex/graphics/dvipsnam.def
File: dvipsnam.def 2016/06/17 v3.0m Driver-dependent file (DPC,SPQR)
)
(/usr/local/texlive/2025/texmf-dist/tex/latex/hyperref/hyperref.sty
Package: hyperref 2024-11-05 v7.01l Hypertext links for LaTeX

(/usr/local/texlive/2025/texmf-dist/tex/generic/iftex/iftex.sty
Package: iftex 2024/12/12 v1.0g TeX engine tests
)
(/usr/local/texlive/2025/texmf-dist/tex/latex/kvsetkeys/kvsetkeys.sty
Package: kvsetkeys 2022-10-05 v1.19 Key value parser (HO)
)
(/usr/local/texlive/2025/texmf-dist/tex/generic/kvdefinekeys/kvdefinekeys.sty
Package: kvdefinekeys 2019-12-19 v1.6 Define keys (HO)
)
(/usr/local/texlive/2025/texmf-dist/tex/generic/pdfescape/pdfescape.sty
Package: pdfescape 2019/12/09 v1.15 Implements pdfTeX's escape features (HO)

(/usr/local/texlive/2025/texmf-dist/tex/generic/ltxcmds/ltxcmds.sty
Package: ltxcmds 2023-12-04 v1.26 LaTeX kernel commands for general use (HO)
)
(/usr/local/texlive/2025/texmf-dist/tex/generic/pdftexcmds/pdftexcmds.sty
Package: pdftexcmds 2020-06-27 v0.33 Utility functions of pdfTeX for LuaTeX (HO
)

(/usr/local/texlive/2025/texmf-dist/tex/generic/infwarerr/infwarerr.sty
Package: infwarerr 2019/12/03 v1.5 Providing info/warning/error messages (HO)
)
Package pdftexcmds Info: \pdf@primitive is available.
Package pdftexcmds Info: \pdf@ifprimitive is available.
Package pdftexcmds Info: \pdfdraftmode found.
))
(/usr/local/texlive/2025/texmf-dist/tex/latex/hycolor/hycolor.sty
Package: hycolor 2020-01-27 v1.10 Color options for hyperref/bookmark (HO)
)
(/usr/local/texlive/2025/texmf-dist/tex/latex/hyperref/nameref.sty
Package: nameref 2023-11-26 v2.56 Cross-referencing by name of section

(/usr/local/texlive/2025/texmf-dist/tex/latex/refcount/refcount.sty
Package: refcount 2019/12/15 v3.6 Data extraction from label references (HO)
)
(/usr/local/texlive/2025/texmf-dist/tex/generic/gettitlestring/gettitlestring.s
ty
Package: gettitlestring 2019/12/15 v1.6 Cleanup title references (HO)
 (/usr/local/texlive/2025/texmf-dist/tex/latex/kvoptions/kvoptions.sty
Package: kvoptions 2022-06-15 v3.15 Key value format for package options (HO)
))
\c@section@level=\count302
)
(/usr/local/texlive/2025/texmf-dist/tex/latex/etoolbox/etoolbox.sty
Package: etoolbox 2025/02/11 v2.5l e-TeX tools for LaTeX (JAW)
\etb@tempcnta=\count303
)
(/usr/local/texlive/2025/texmf-dist/tex/generic/stringenc/stringenc.sty
Package: stringenc 2019/11/29 v1.12 Convert strings between diff. encodings (HO
)
)
\@linkdim=\dimen166
\Hy@linkcounter=\count304
\Hy@pagecounter=\count305

(/usr/local/texlive/2025/texmf-dist/tex/latex/hyperref/pd1enc.def
File: pd1enc.def 2024-11-05 v7.01l Hyperref: PDFDocEncoding definition (HO)
Now handling font encoding PD1 ...
... no UTF-8 mapping file for font encoding PD1
)
(/usr/local/texlive/2025/texmf-dist/tex/generic/intcalc/intcalc.sty
Package: intcalc 2019/12/15 v1.3 Expandable calculations with integers (HO)
)
\Hy@SavedSpaceFactor=\count306

(/usr/local/texlive/2025/texmf-dist/tex/latex/hyperref/puenc.def
File: puenc.def 2024-11-05 v7.01l Hyperref: PDF Unicode definition (HO)
Now handling font encoding PU ...
... no UTF-8 mapping file for font encoding PU
)
Package hyperref Info: Option `hypertexnames' set `false' on input line 4040.
Package hyperref Info: Hyper figures OFF on input line 4157.
Package hyperref Info: Link nesting OFF on input line 4162.
Package hyperref Info: Hyper index ON on input line 4165.
Package hyperref Info: Plain pages OFF on input line 4172.
Package hyperref Info: Backreferencing OFF on input line 4177.
Package hyperref Info: Implicit mode ON; LaTeX internals redefined.
Package hyperref Info: Bookmarks ON on input line 4424.
\c@Hy@tempcnt=\count307

(/usr/local/texlive/2025/texmf-dist/tex/latex/url/url.sty
\Urlmuskip=\muskip18
Package: url 2013/09/16  ver 3.4  Verb mode for urls, etc.
)
LaTeX Info: Redefining \url on input line 4763.
\XeTeXLinkMargin=\dimen167

(/usr/local/texlive/2025/texmf-dist/tex/generic/bitset/bitset.sty
Package: bitset 2019/12/09 v1.3 Handle bit-vector datatype (HO)

(/usr/local/texlive/2025/texmf-dist/tex/generic/bigintcalc/bigintcalc.sty
Package: bigintcalc 2019/12/15 v1.5 Expandable calculations on big integers (HO
)
))
\Fld@menulength=\count308
\Field@Width=\dimen168
\Fld@charsize=\dimen169
Package hyperref Info: Hyper figures OFF on input line 6042.
Package hyperref Info: Link nesting OFF on input line 6047.
Package hyperref Info: Hyper index ON on input line 6050.
Package hyperref Info: backreferencing OFF on input line 6057.
Package hyperref Info: Link coloring OFF on input line 6062.
Package hyperref Info: Link coloring with OCG OFF on input line 6067.
Package hyperref Info: PDF/A mode OFF on input line 6072.

(/usr/local/texlive/2025/texmf-dist/tex/latex/base/atbegshi-ltx.sty
Package: atbegshi-ltx 2021/01/10 v1.0c Emulation of the original atbegshi
package with kernel methods
)
\Hy@abspage=\count309
\c@Item=\count310
\c@Hfootnote=\count311
)
Package hyperref Info: Driver (autodetected): hpdftex.

(/usr/local/texlive/2025/texmf-dist/tex/latex/hyperref/hpdftex.def
File: hpdftex.def 2024-11-05 v7.01l Hyperref driver for pdfTeX

(/usr/local/texlive/2025/texmf-dist/tex/latex/base/atveryend-ltx.sty
Package: atveryend-ltx 2020/08/19 v1.0a Emulation of the original atveryend pac
kage
with kernel methods
)
\Fld@listcount=\count312
\c@bookmark@seq@number=\count313

(/usr/local/texlive/2025/texmf-dist/tex/latex/rerunfilecheck/rerunfilecheck.sty
Package: rerunfilecheck 2022-07-10 v1.10 Rerun checks for auxiliary files (HO)

(/usr/local/texlive/2025/texmf-dist/tex/generic/uniquecounter/uniquecounter.sty
Package: uniquecounter 2019/12/15 v1.4 Provide unlimited unique counter (HO)
)
Package uniquecounter Info: New unique counter `rerunfilecheck' on input line 2
85.
)
\Hy@SectionHShift=\skip55
) (/usr/local/texlive/2025/texmf-dist/tex/latex/comment/comment.sty
\CommentStream=\write3

Excluding comment 'comment')
\c@theorem=\count314

(/usr/local/texlive/2025/texmf-dist/tex/latex/l3backend/l3backend-pdftex.def
File: l3backend-pdftex.def 2024-05-08 L3 backend support: PDF output (pdfTeX)
\l__color_backend_stack_int=\count315
\l__pdf_internal_box=\box59
)
(./main.aux)
\openout1 = `main.aux'.

LaTeX Font Info:    Checking defaults for OML/cmm/m/it on input line 79.
LaTeX Font Info:    ... okay on input line 79.
LaTeX Font Info:    Checking defaults for OMS/cmsy/m/n on input line 79.
LaTeX Font Info:    ... okay on input line 79.
LaTeX Font Info:    Checking defaults for OT1/cmr/m/n on input line 79.
LaTeX Font Info:    ... okay on input line 79.
LaTeX Font Info:    Checking defaults for T1/cmr/m/n on input line 79.
LaTeX Font Info:    ... okay on input line 79.
LaTeX Font Info:    Checking defaults for TS1/cmr/m/n on input line 79.
LaTeX Font Info:    ... okay on input line 79.
LaTeX Font Info:    Checking defaults for OMX/cmex/m/n on input line 79.
LaTeX Font Info:    ... okay on input line 79.
LaTeX Font Info:    Checking defaults for U/cmr/m/n on input line 79.
LaTeX Font Info:    ... okay on input line 79.
LaTeX Font Info:    Checking defaults for PD1/pdf/m/n on input line 79.
LaTeX Font Info:    ... okay on input line 79.
LaTeX Font Info:    Checking defaults for PU/pdf/m/n on input line 79.
LaTeX Font Info:    ... okay on input line 79.

(/usr/local/texlive/2025/texmf-dist/tex/context/base/mkii/supp-pdf.mkii
[Loading MPS to PDF converter (version 2006.09.02).]
\scratchcounter=\count316
\scratchdimen=\dimen170
\scratchbox=\box60
\nofMPsegments=\count317
\nofMParguments=\count318
\everyMPshowfont=\toks28
\MPscratchCnt=\count319
\MPscratchDim=\dimen171
\MPnumerator=\count320
\makeMPintoPDFobject=\count321
\everyMPtoPDFconversion=\toks29
) (/usr/local/texlive/2025/texmf-dist/tex/latex/epstopdf-pkg/epstopdf-base.sty
Package: epstopdf-base 2020-01-24 v2.11 Base part for package epstopdf
Package epstopdf-base Info: Redefining graphics rule for `.eps' on input line 4
85.

(/usr/local/texlive/2025/texmf-dist/tex/latex/latexconfig/epstopdf-sys.cfg
File: epstopdf-sys.cfg 2010/07/13 v1.3 Configuration of (r)epstopdf for TeX Liv
e
))

Package hyperref Warning: Height of page (\paperheight) is invalid (0.0pt),
(hyperref)                using 11in.

Package hyperref Info: Link coloring OFF on input line 79.
(./main.out) (./main.out)
\@outlinefile=\write4
\openout4 = `main.out'.

LaTeX Font Info:    Trying to load font information for U+msa on input line 84.


(/usr/local/texlive/2025/texmf-dist/tex/latex/amsfonts/umsa.fd
File: umsa.fd 2013/01/14 v3.01 AMS symbols A
)
LaTeX Font Info:    Trying to load font information for U+msb on input line 84.


(/usr/local/texlive/2025/texmf-dist/tex/latex/amsfonts/umsb.fd
File: umsb.fd 2013/01/14 v3.01 AMS symbols B
)

LaTeX Warning: Reference `inria' on page 1 undefined on input line 88.


LaTeX Warning: Reference `inria2' on page 1 undefined on input line 89.


LaTeX Warning: Reference `I3S' on page 1 undefined on input line 90.

\c@sv@footnote=\count322

LaTeX Warning: Citation `kartsaki-hilgen-etal:24' on page 1 undefined on input 
line 116.




LaTeX Warning: Citation `kartsaki-hilgen-etal:24' on page 1 undefined on input 
line 118.



[1{/usr/local/texlive/2025/texmf-var/fonts/map/pdftex/updmap/pdftex.map}

]

LaTeX Warning: Citation `Pukelsheim2006' on page 2 undefined on input line 124.



LaTeX Warning: Citation `Fedorov72' on page 2 undefined on input line 124.




LaTeX Warning: Reference `E:sde1' on page 2 undefined on input line 150.


LaTeX Warning: Citation `oksendal2013stochastic' on page 2 undefined on input l
ine 150.


LaTeX Warning: Reference `E:sde1' on page 2 undefined on input line 152.


LaTeX Warning: Reference `E:sde1' on page 2 undefined on input line 154.


LaTeX Warning: Reference `E:rec1' on page 2 undefined on input line 185.



[2]

LaTeX Warning: Reference `As:Gap' on page 3 undefined on input line 221.


Overfull \hbox (40.92198pt too wide) detected at line 243
[][]
 []

LaTeX Font Info:    Font shape `U/lasy/b/n' in size <7> not available
(Font)              Font shape `U/lasy/m/n' tried instead on input line 247.
LaTeX Font Info:    Font shape `U/lasy/b/n' in size <5> not available
(Font)              Font shape `U/lasy/m/n' tried instead on input line 247.



Overfull \hbox (17.71672pt too wide) detected at line 262
\OT1/cmr/bx/n/10 S \OT1/cmr/m/n/10 = [][] = [] \OML/cmm/m/it/10 ;
 []


Overfull \hbox (6.69954pt too wide) detected at line 271
[] \OT1/cmr/m/n/10 = [](\OML/cmm/m/it/10 C; [] ; C\OT1/cmr/m/n/10 ) \OMS/cmsy/m
/n/10 ^^A \OT1/cmr/bx/n/10 S \OMS/cmsy/m/n/10 ^^A []\OT1/cmr/m/n/10 (\OML/cmm/m
/it/10 C; [] ; C\OT1/cmr/m/n/10 )[] + [](^^F[]\OML/cmm/m/it/10 ; [] ; \OT1/cmr/
m/n/10 ^^F[])\OML/cmm/m/it/10 ;
 []


LaTeX Warning: Reference `S:FIM' on page 3 undefined on input line 282.


LaTeX Warning: Citation `KoopmansR50' on page 3 undefined on input line 282.


LaTeX Warning: Citation `BellmanA70' on page 3 undefined on input line 282.


LaTeX Warning: Citation `WPl93' on page 3 undefined on input line 282.



[3]

LaTeX Warning: Reference `S:FIM' on page 4 undefined on input line 312.


LaTeX Warning: Reference `estimability' on page 4 undefined on input line 312.


LaTeX Warning: Reference `E:measurement' on page 4 undefined on input line 321.



Overfull \hbox (83.72008pt too wide) in paragraph at lines 331--337
\OML/cmm/m/it/10 ^^Q\OT1/cmr/m/n/10 (\OML/cmm/m/it/10 t[]; ^^R; u\OT1/cmr/m/n/1
0 )\OML/cmm/m/it/10 ; [] ; ^^Q\OT1/cmr/m/n/10 (\OML/cmm/m/it/10 t[]; ^^R; u\OT1
/cmr/m/n/10 )$, that is $[][](\OML/cmm/m/it/10 ^^R; u\OT1/cmr/m/n/10 ) = []$,
 []


Overfull \hbox (19.45386pt too wide) detected at line 343
[][][]\OML/cmm/m/it/10 J\OT1/cmr/m/n/10 (\OML/cmm/m/it/10 ^^R; u\OT1/cmr/m/n/10
 ) = (\OT1/cmr/bx/n/10 y\OT1/cmr/m/n/10 (\OML/cmm/m/it/10 u\OT1/cmr/m/n/10 ) \O
MS/cmsy/m/n/10 ^^@ []\OT1/cmr/m/n/10 (\OML/cmm/m/it/10 ^^R; u\OT1/cmr/m/n/10 ))
[][][](\OML/cmm/m/it/10 ^^R\OT1/cmr/m/n/10 )(\OT1/cmr/bx/n/10 y\OT1/cmr/m/n/10 
(\OML/cmm/m/it/10 u\OT1/cmr/m/n/10 ) \OMS/cmsy/m/n/10 ^^@ []\OT1/cmr/m/n/10 (\O
ML/cmm/m/it/10 ^^R; u\OT1/cmr/m/n/10 )) + [] [] []\OML/cmm/m/it/10 :
 []


Overfull \hbox (161.8126pt too wide) detected at line 355
[][][]\OT1/cmr/bx/n/10 J [] \OT1/cmr/m/n/10 = [] [](\OT1/cmr/bx/n/10 y\OT1/cmr/
m/n/10 (\OML/cmm/m/it/10 u[]\OT1/cmr/m/n/10 ) \OMS/cmsy/m/n/10 ^^@ []\OT1/cmr/m
/n/10 (\OML/cmm/m/it/10 ^^R; u[]\OT1/cmr/m/n/10 ))[][][](\OML/cmm/m/it/10 ^^R\O
T1/cmr/m/n/10 )(\OT1/cmr/bx/n/10 y\OT1/cmr/m/n/10 (\OML/cmm/m/it/10 u[]\OT1/cmr
/m/n/10 ) \OMS/cmsy/m/n/10 ^^@ []\OT1/cmr/m/n/10 (\OML/cmm/m/it/10 ^^R; u[]\OT1
/cmr/m/n/10 )) + [] [] []\OML/cmm/m/it/10 :
 []




LaTeX Warning: Reference `A:periodic' on page 4 undefined on input line 361.


Overfull \hbox (84.23091pt too wide) detected at line 369
[][][]\OT1/cmr/bx/n/10 J\OT1/cmr/m/n/10 (\OML/cmm/m/it/10 ^^R; ^^V[]\OT1/cmr/m/
n/10 ) = [][](\OT1/cmr/bx/n/10 y\OT1/cmr/m/n/10 (\OML/cmm/m/it/10 u\OT1/cmr/m/n
/10 ) \OMS/cmsy/m/n/10 ^^@ []\OT1/cmr/m/n/10 (\OML/cmm/m/it/10 ^^R; u\OT1/cmr/m
/n/10 ))[][][](\OML/cmm/m/it/10 ^^R\OT1/cmr/m/n/10 )(\OT1/cmr/bx/n/10 y\OT1/cmr
/m/n/10 (\OML/cmm/m/it/10 u\OT1/cmr/m/n/10 ) \OMS/cmsy/m/n/10 ^^@ []\OT1/cmr/m/
n/10 (\OML/cmm/m/it/10 ^^R; u\OT1/cmr/m/n/10 ))d\OML/cmm/m/it/10 ^^V[]\OT1/cmr/
m/n/10 (\OML/cmm/m/it/10 u\OT1/cmr/m/n/10 ) + [] [] [](\OML/cmm/m/it/10 ^^R\OT1
/cmr/m/n/10 )\OML/cmm/m/it/10 :
 []


LaTeX Warning: Reference `E:GLS1.5' on page 4 undefined on input line 371.


LaTeX Warning: Citation `PP2013' on page 4 undefined on input line 386.


Underfull \hbox (badness 1824) in paragraph at lines 385--387
[]\OT1/cmr/m/n/10 For a given prob-a-bil-ity mea-sure $\OML/cmm/m/it/10 ^^V \OM
S/cmsy/m/n/10 2 P\OT1/cmr/m/n/10 (\OMS/cmsy/m/n/10 V\OT1/cmr/m/n/10 )$, let
 []


Overfull \hbox (161.42949pt too wide) detected at line 391
[]\OT1/cmr/m/n/10 (\OML/cmm/m/it/10 ^^R; ^^V\OT1/cmr/m/n/10 ) = [][]([](\OML/cm
m/m/it/10 ^^R; u\OT1/cmr/m/n/10 ) \OMS/cmsy/m/n/10 ^^@ []\OT1/cmr/m/n/10 ([]\OM
L/cmm/m/it/10 ; u\OT1/cmr/m/n/10 ))[][][](\OML/cmm/m/it/10 ^^R\OT1/cmr/m/n/10 )
([](\OML/cmm/m/it/10 ^^R; u\OT1/cmr/m/n/10 ) \OMS/cmsy/m/n/10 ^^@ []\OT1/cmr/m/
n/10 ([]\OML/cmm/m/it/10 ; u\OT1/cmr/m/n/10 ))d\OML/cmm/m/it/10 ^^V\OT1/cmr/m/n
/10 (\OML/cmm/m/it/10 u\OT1/cmr/m/n/10 ) + 2 \OML/cmm/m/it/10 D[]\OT1/cmr/m/n/1
0 (\OML/cmm/m/it/10 ^^R\OMS/cmsy/m/n/10 k[]\OT1/cmr/m/n/10 ) + \OML/cmm/m/it/10
 k \OT1/cmr/m/n/10 + [] [] []([]) \OML/cmm/m/it/10 ;
 []


Overfull \hbox (33.3095pt too wide) detected at line 395
\OML/cmm/m/it/10 D[]\OT1/cmr/m/n/10 ([]\OMS/cmsy/m/n/10 k\OML/cmm/m/it/10 ^^R\O
T1/cmr/m/n/10 ) = [] []  (\OMS/cmsy/m/n/10 ^^U \OT1/cmr/m/n/10 0)
 []



[4]
Overfull \hbox (159.2717pt too wide) detected at line 404
[][][][] \OT1/cmr/m/n/10 =[]\OMS/cmsy/m/n/10 ) \OML/cmm/m/it/10 ^^R \OT1/cmr/m/
n/10 = []\OML/cmm/m/it/10 ;
 []


LaTeX Warning: Citation `PP2013' on page 5 undefined on input line 410.


Overfull \hbox (21.34962pt too wide) detected at line 427
[][][]\OML/cmm/m/it/10 Q[]\OT1/cmr/m/n/10 (\OML/cmm/m/it/10 ^^R\OT1/cmr/m/n/10 
) = [][] [] \OML/cmm/m/it/10 ;  \OT1/cmr/m/n/10 1 \OMS/cmsy/m/n/10 ^^T \OML/cmm
/m/it/10 i; j \OMS/cmsy/m/n/10 ^^T \OML/cmm/m/it/10 p:
 []




LaTeX Warning: Reference `L:conv' on page 5 undefined on input line 444.


LaTeX Warning: Reference `E:TCL' on page 5 undefined on input line 448.


LaTeX Warning: Citation `Fedorov72' on page 5 undefined on input line 452.


LaTeX Warning: Citation `Silvey80' on page 5 undefined on input line 452.


LaTeX Warning: Citation `Pukelsheim2006' on page 5 undefined on input line 452.



LaTeX Warning: Reference `L:conv' on page 5 undefined on input line 454.


LaTeX Warning: Reference `S:elimination' on page 5 undefined on input line 479.




[5]

LaTeX Warning: Citation `KieferW60' on page 6 undefined on input line 481.


LaTeX Warning: Citation `HarmanT2009' on page 6 undefined on input line 481.


Overfull \hbox (39.37654pt too wide) detected at line 500
[][][]\OML/cmm/m/it/10 w[] \OT1/cmr/m/n/10 = [] [] [] \OML/cmm/m/it/10 ;
 []


LaTeX Warning: Reference `mu*optimal' on page 6 undefined on input line 521.


LaTeX Warning: Reference `ET' on page 6 undefined on input line 521.


LaTeX Warning: Reference `E:def_mu_star' on page 6 undefined on input line 523.



LaTeX Warning: Citation `Fedorov70' on page 6 undefined on input line 530.


LaTeX Warning: Citation `Fedorov72' on page 6 undefined on input line 530.


Underfull \hbox (badness 1466) in paragraph at lines 556--558
 \OT1/cmr/bx/n/10 3.4.0.1 Elim-i-na-tion of $\OML/cmm/m/it/10 p\OT1/cmr/m/n/10 
(\OML/cmm/m/it/10 p \OT1/cmr/m/n/10 + 1)\OML/cmm/m/it/10 =\OT1/cmr/m/n/10 2$\OT
1/cmr/bx/n/10 -dimensional
 []




Overfull \hbox (87.12337pt too wide) in alignment at lines 566--569
[] [] [] [] 
 []


Overfull \hbox (13.03094pt too wide) in alignment at lines 571--575
[] [] [] [] 
 []


Overfull \hbox (128.02498pt too wide) detected at line 583
\OT1/cmr/m/n/10 	[](\OML/cmm/m/it/10 M[]; [] ; M[]\OT1/cmr/m/n/10 ) = []
 []


LaTeX Warning: Reference `elimination1b' on page 6 undefined on input line 595.



LaTeX Warning: Reference `elimination1b' on page 6 undefined on input line 600.



LaTeX Warning: Reference `elimination1' on page 6 undefined on input line 600.



[6] Excluding 'comment' comment.

LaTeX Warning: Reference `k*' on page 7 undefined on input line 697.


LaTeX Warning: Citation `HarmanT2009' on page 7 undefined on input line 697.


Overfull \hbox (8.59128pt too wide) detected at line 700
[][][][]\OT1/cmr/m/n/10 (\OT1/cmr/bx/n/10 M[]\OML/cmm/m/it/10 M[]\OT1/cmr/m/n/1
0 ) \OML/cmm/m/it/10 < p []
 []


LaTeX Warning: Citation `HPa06_SPL' on page 7 undefined on input line 701.


LaTeX Warning: Reference `Delta' on page 7 undefined on input line 703.


LaTeX Warning: Reference `elimination2' on page 7 undefined on input line 703.


LaTeX Warning: Reference `elimination1b' on page 7 undefined on input line 707.





LaTeX Warning: Reference `E:sde1' on page 7 undefined on input line 751.


Overfull \hbox (159.12503pt too wide) detected at line 794
[][][][] \OT1/cmr/m/n/10 = \OML/cmm/m/it/10 e[] [] \OT1/cmr/m/n/10 = [][] \OML/
cmm/m/it/10 e[][]U\OT1/cmr/m/n/10 (\OML/cmm/m/it/10 s\OT1/cmr/m/n/10 )d\OML/cmm
/m/it/10 s;  [] \OT1/cmr/m/n/10 = [][] \OML/cmm/m/it/10 e[] [] \OT1/cmr/m/n/10 
d[](\OML/cmm/m/it/10 s\OT1/cmr/m/n/10 )\OML/cmm/m/it/10 :
 []



[7]
Overfull \hbox (7.58769pt too wide) detected at line 850
 []$[] [] []\OT1/cmr/m/n/10 ([]\OML/cmm/m/it/10 ; []\OT1/cmr/m/n/10 ) [] + [] [
]([]\OML/cmm/m/it/10 ; []\OT1/cmr/m/n/10 ) [] \OML/cmm/m/it/10 :$ []  
 []


Overfull \hbox (22.69475pt too wide) detected at line 870
[] \OT1/cmr/m/n/10 = [][] = [] \OML/cmm/m/it/10 ;
 []


Overfull \hbox (105.8584pt too wide) detected at line 881
[][][][] \OT1/cmr/m/n/10 = []([]\OML/cmm/m/it/10 ; [] ; []\OT1/cmr/m/n/10 ) \OM
S/cmsy/m/n/10 ^^A \OT1/cmr/bx/n/10 S \OMS/cmsy/m/n/10 ^^A []\OT1/cmr/m/n/10 ([]
\OML/cmm/m/it/10 ; [] ; []\OT1/cmr/m/n/10 )[] + []([]\OML/cmm/m/it/10 ; [] ; []
\OT1/cmr/m/n/10 ) \OMS/cmsy/m/n/10 ^^A \OT1/cmr/bx/n/10 S \OMS/cmsy/m/n/10 ^^A 
[]\OT1/cmr/m/n/10 ([]\OML/cmm/m/it/10 ; [] ; []\OT1/cmr/m/n/10 )[]\OML/cmm/m/it
/10 :
 []


LaTeX Warning: Reference `E:defM' on page 8 undefined on input line 882.


LaTeX Warning: Reference `E:defQ' on page 8 undefined on input line 882.


Overfull \hbox (93.18434pt too wide) detected at line 964
[][][]\OML/cmm/m/it/10 H[] \OT1/cmr/m/n/10 = []([]\OML/cmm/m/it/10 ; [] ; []\OT
1/cmr/m/n/10 ) [] []([]\OML/cmm/m/it/10 ; [] ; []\OT1/cmr/m/n/10 ) \OMS/cmsy/m/
n/10 2 \U/msb/m/n/10 R[]\OML/cmm/m/it/10 ;
 []


Underfull \hbox (badness 1596) in paragraph at lines 984--988
\OT1/cmr/m/n/10 Denoting $\OT1/cmr/bx/n/10 u \OMS/cmsy/m/n/10 2 \U/msb/m/n/10 R
[]$ \OT1/cmr/m/n/10 the vec-tor con-cate-na-tion of
 []




LaTeX Warning: Reference `S:FIM' on page 8 undefined on input line 1014.


LaTeX Warning: Citation `PukelsheimR92' on page 8 undefined on input line 1016.



LaTeX Warning: Citation `GoodwinP77' on page 8 undefined on input line 1016.


LaTeX Warning: Citation `Zarrop79' on page 8 undefined on input line 1016.


Overfull \hbox (68.70671pt too wide) detected at line 1037
[][][]\OT1/cmr/bx/n/10 J\OT1/cmr/m/n/10 (\OML/cmm/m/it/10 ^^R; ^^V\OT1/cmr/m/n/
10 ) = [][](\OT1/cmr/bx/n/10 y\OT1/cmr/m/n/10 (\OML/cmm/m/it/10 u\OT1/cmr/m/n/1
0 ) \OMS/cmsy/m/n/10 ^^@ []\OT1/cmr/m/n/10 (\OML/cmm/m/it/10 ^^R; u\OT1/cmr/m/n
/10 ))[][][](\OML/cmm/m/it/10 ^^R\OT1/cmr/m/n/10 )(\OT1/cmr/bx/n/10 y\OT1/cmr/m
/n/10 (\OML/cmm/m/it/10 u\OT1/cmr/m/n/10 ) \OMS/cmsy/m/n/10 ^^@ []\OT1/cmr/m/n/
10 (\OML/cmm/m/it/10 ^^R; u\OT1/cmr/m/n/10 ))d\OML/cmm/m/it/10 ^^V\OT1/cmr/m/n/
10 (\OML/cmm/m/it/10 u\OT1/cmr/m/n/10 ) + [] [] [](\OML/cmm/m/it/10 ^^R\OT1/cmr
/m/n/10 )\OML/cmm/m/it/10 :
 []


Overfull \hbox (83.99548pt too wide) detected at line 1057
[][][][][]
 []



[8]

LaTeX Warning: Reference `E:sde1' on page 9 undefined on input line 1063.


LaTeX Warning: Reference `E:sde1' on page 9 undefined on input line 1064.


LaTeX Warning: Citation `souihel-cessac:21' on page 9 undefined on input line 1
064.


LaTeX Warning: Citation `cessac:22' on page 9 undefined on input line 1064.


LaTeX Warning: Citation `kartsaki-hilgen-etal:24' on page 9 undefined on input 
line 1064.


LaTeX Warning: Citation `ebert-buffet-etal:24' on page 9 undefined on input lin
e 1064.


LaTeX Warning: Citation `emonet-souihel-etal:25' on page 9 undefined on input l
ine 1064.


LaTeX Warning: Citation `kartsaki-hilgen-etal:24' on page 9 undefined on input 
line 1067.



No file main.bbl.


[9]
Overfull \hbox (70.5638pt too wide) detected at line 1153
[][]
 []


LaTeX Warning: Reference `L:conv' on page 10 undefined on input line 1158.




Overfull \hbox (80.65398pt too wide) detected at line 1190
[][] \OT1/cmr/m/n/10 = [][] = []\OML/cmm/m/it/10 x \OT1/cmr/m/n/10 + [][] + [][
] + \OML/cmm/m/it/10 A\OT1/cmr/m/n/10 (\OML/cmm/m/it/10 ^^R\OT1/cmr/m/n/10 )[]\
OML/cmm/m/it/10 :
 []


Overfull \hbox (4.42792pt too wide) detected at line 1229
[]\OT1/cmr/m/n/10 (\OML/cmm/m/it/10 ^^R\OT1/cmr/m/n/10 ) = [] \OMS/cmsy/m/n/10 
2 \U/msb/m/n/10 R[]\OML/cmm/m/it/10 ;
 []


Underfull \hbox (badness 1097) in paragraph at lines 1229--1237
$[] \OT1/cmr/m/n/10 = [] \OMS/cmsy/m/n/10 2 \U/msb/m/n/10 R[]$ \OT1/cmr/m/n/10 
and, for later, $[] =
 []


LaTeX Warning: Reference `E:sde2' on page 10 undefined on input line 1238.


LaTeX Warning: Reference `eq:dy_dtheta' on page 10 undefined on input line 1238
.


Overfull \hbox (48.72818pt too wide) detected at line 1247
[] \OT1/cmr/m/n/10 = [][] \OML/cmm/m/it/10 e[] [] e[]\OT1/cmr/m/n/10 d\OML/cmm/
m/it/10 s \OMS/cmsy/m/n/10 2 \U/msb/m/n/10 R[]\OML/cmm/m/it/10 :
 []


Overfull \hbox (170.89459pt too wide) detected at line 1289
[][][][][]
 []



[10]
Overfull \hbox (45.02808pt too wide) detected at line 1303
[] \OT1/cmr/m/n/10 = [][] = [] \OML/cmm/m/it/10 ;
 []


Overfull \hbox (36.22179pt too wide) detected at line 1327
[][][][][]
 []


LaTeX Warning: Reference `E:dJdtheta_i' on page 11 undefined on input line 1329
.


Overfull \hbox (158.5967pt too wide) detected at line 1386
[][][][][]
 []





[11

] (./main.aux)
 ***********
LaTeX2e <2024-11-01> patch level 2
L3 programming layer <2025-01-18>
 ***********


LaTeX Warning: There were undefined references.


LaTeX Warning: Label(s) may have changed. Rerun to get cross-references right.


Package rerunfilecheck Warning: File `main.out' has changed.
(rerunfilecheck)                Rerun to get outlines right
(rerunfilecheck)                or use package `bookmark'.

Package rerunfilecheck Info: Checksums for `main.out':
(rerunfilecheck)             Before: D41D8CD98F00B204E9800998ECF8427E;0
(rerunfilecheck)             After:  2054378476D673EC6F8396038E20C219;3169.
 ) 
Here is how much of TeX's memory you used:
 11008 strings out of 473190
 164060 string characters out of 5715800
 598405 words of memory out of 5000000
 34033 multiletter control sequences out of 15000+600000
 573798 words of font info for 97 fonts, out of 8000000 for 9000
 1141 hyphenation exceptions out of 8191
 75i,19n,79p,1410b,497s stack positions out of 10000i,1000n,20000p,200000b,200000s
</usr/local/texlive/2025/texmf-dist/fonts/type1/public/amsfonts/cm/cmbx10.pfb
></usr/local/texlive/2025/texmf-dist/fonts/type1/public/amsfonts/cm/cmbx12.pfb>
</usr/local/texlive/2025/texmf-dist/fonts/type1/public/amsfonts/cm/cmbx9.pfb></
usr/local/texlive/2025/texmf-dist/fonts/type1/public/amsfonts/cm/cmbxti10.pfb><
/usr/local/texlive/2025/texmf-dist/fonts/type1/public/amsfonts/cm/cmex10.pfb></
usr/local/texlive/2025/texmf-dist/fonts/type1/public/amsfonts/cm/cmmi10.pfb></u
sr/local/texlive/2025/texmf-dist/fonts/type1/public/amsfonts/cm/cmmi5.pfb></usr
/local/texlive/2025/texmf-dist/fonts/type1/public/amsfonts/cm/cmmi7.pfb></usr/l
ocal/texlive/2025/texmf-dist/fonts/type1/public/amsfonts/cm/cmmi9.pfb></usr/loc
al/texlive/2025/texmf-dist/fonts/type1/public/amsfonts/cm/cmmib10.pfb></usr/loc
al/texlive/2025/texmf-dist/fonts/type1/public/amsfonts/cmextra/cmmib7.pfb></usr
/local/texlive/2025/texmf-dist/fonts/type1/public/amsfonts/cm/cmr10.pfb></usr/l
ocal/texlive/2025/texmf-dist/fonts/type1/public/amsfonts/cm/cmr12.pfb></usr/loc
al/texlive/2025/texmf-dist/fonts/type1/public/amsfonts/cm/cmr5.pfb></usr/local/
texlive/2025/texmf-dist/fonts/type1/public/amsfonts/cm/cmr6.pfb></usr/local/tex
live/2025/texmf-dist/fonts/type1/public/amsfonts/cm/cmr7.pfb></usr/local/texliv
e/2025/texmf-dist/fonts/type1/public/amsfonts/cm/cmr9.pfb></usr/local/texlive/2
025/texmf-dist/fonts/type1/public/amsfonts/cm/cmsl9.pfb></usr/local/texlive/202
5/texmf-dist/fonts/type1/public/amsfonts/cm/cmsy10.pfb></usr/local/texlive/2025
/texmf-dist/fonts/type1/public/amsfonts/cm/cmsy5.pfb></usr/local/texlive/2025/t
exmf-dist/fonts/type1/public/amsfonts/cm/cmsy7.pfb></usr/local/texlive/2025/tex
mf-dist/fonts/type1/public/amsfonts/cm/cmti10.pfb></usr/local/texlive/2025/texm
f-dist/fonts/type1/public/amsfonts/cm/cmti9.pfb></usr/local/texlive/2025/texmf-
dist/fonts/type1/public/amsfonts/cm/cmtt9.pfb></usr/local/texlive/2025/texmf-di
st/fonts/type1/public/amsfonts/symbols/msam10.pfb></usr/local/texlive/2025/texm
f-dist/fonts/type1/public/amsfonts/symbols/msbm10.pfb></usr/local/texlive/2025/
texmf-dist/fonts/type1/public/amsfonts/symbols/msbm7.pfb>
Output written on main.pdf (11 pages, 385152 bytes).
PDF statistics:
 284 PDF objects out of 1000 (max. 8388607)
 214 compressed objects within 3 object streams
 86 named destinations out of 1000 (max. 500000)
 1 words of extra memory for PDF output out of 10000 (max. 10000000)

